<?xml version="1.0" encoding="UTF-8"?>
<!-- Generated by org.testng.reporters.JUnitReportReporter -->
<testsuite hostname="tama" failures="0" tests="4" name="SmartBuyTask.SmartBuyTask.AppTest" time="0.355" errors="0" timestamp="2025-05-17T00:09:03 GMT+03:00" skipped="1">
  <testcase classname="SmartBuyTask.SmartBuyTask.AppTest" name="updateDataBase" time="0.028"/>
  <testcase classname="SmartBuyTask.SmartBuyTask.AppTest" name="ReadDataBase" time="0.313"/>
  <testcase classname="SmartBuyTask.SmartBuyTask.AppTest" name="DeleteDataBase" time="0.014"/>
  <testcase classname="SmartBuyTask.SmartBuyTask.AppTest" name="InsertToDataBase">
    <skipped/>
  </testcase> <!-- InsertToDataBase -->
</testsuite> <!-- SmartBuyTask.SmartBuyTask.AppTest -->
